<?xml version="1.0" encoding="UTF-8"?>
<robot generator="Robot 3.0.4 (Python 3.6.5 on win32)" generated="20190121 15:23:14.113">
<suite id="s1" name="Amazon" source="C:\development\amazonRobot\AmazonAutomation\Tests\Amazon.robot">
<kw name="Insert Testing Data" library="Common" type="setup">
<kw name="Log" library="BuiltIn">
<doc>Logs the given message with the given level.</doc>
<arguments>
<arg>I am setting up the test data...</arg>
</arguments>
<msg timestamp="20190121 15:23:14.341" level="INFO">I am setting up the test data...</msg>
<status status="PASS" starttime="20190121 15:23:14.341" endtime="20190121 15:23:14.341"></status>
</kw>
<status status="PASS" starttime="20190121 15:23:14.341" endtime="20190121 15:23:14.341"></status>
</kw>
<test id="s1-t1" name="User must sign in to check out">
<kw name="Begin Web Test" library="Common" type="setup">
<kw name="Open Browser" library="SeleniumLibrary">
<doc>Opens a new browser instance to the given ``url``.</doc>
<arguments>
<arg>about:blank</arg>
<arg>chrome</arg>
</arguments>
<msg timestamp="20190121 15:23:14.342" level="INFO">Opening browser 'chrome' to base url 'about:blank'.</msg>
<status status="PASS" starttime="20190121 15:23:14.342" endtime="20190121 15:23:16.656"></status>
</kw>
<kw name="Maximize Browser Window" library="SeleniumLibrary">
<doc>Maximizes current browser window.</doc>
<status status="PASS" starttime="20190121 15:23:16.656" endtime="20190121 15:23:17.810"></status>
</kw>
<status status="PASS" starttime="20190121 15:23:14.342" endtime="20190121 15:23:17.810"></status>
</kw>
<kw name="Search for Products" library="AmazonApp">
<kw name="Load" library="LandingPage">
<kw name="Go To" library="SeleniumLibrary">
<doc>Navigates the active browser instance to the provided ``url``.</doc>
<arguments>
<arg>http://www.amazon.com</arg>
</arguments>
<msg timestamp="20190121 15:23:17.812" level="INFO">Opening url 'http://www.amazon.com'</msg>
<status status="PASS" starttime="20190121 15:23:17.811" endtime="20190121 15:23:20.273"></status>
</kw>
<status status="PASS" starttime="20190121 15:23:17.811" endtime="20190121 15:23:20.273"></status>
</kw>
<kw name="Verify Page Loaded" library="LandingPage">
<kw name="Wait Until Page Contains" library="SeleniumLibrary">
<doc>Waits until ``text`` appears on current page.</doc>
<arguments>
<arg>© 1996-2019, Amazon.com, Inc. or its affiliates</arg>
</arguments>
<status status="PASS" starttime="20190121 15:23:20.274" endtime="20190121 15:23:20.399"></status>
</kw>
<status status="PASS" starttime="20190121 15:23:20.273" endtime="20190121 15:23:20.399"></status>
</kw>
<kw name="Search for Products" library="TopNav">
<kw name="Enter Search Term" library="TopNav">
<kw name="Input Text" library="SeleniumLibrary">
<doc>Types the given ``text`` into text field identified by ``locator``.</doc>
<arguments>
<arg>id=twotabsearchtextbox</arg>
<arg>The Witcher Figure</arg>
</arguments>
<msg timestamp="20190121 15:23:20.401" level="INFO">Typing text 'The Witcher Figure' into text field 'id=twotabsearchtextbox'.</msg>
<status status="PASS" starttime="20190121 15:23:20.401" endtime="20190121 15:23:21.566"></status>
</kw>
<status status="PASS" starttime="20190121 15:23:20.400" endtime="20190121 15:23:21.566"></status>
</kw>
<kw name="Submit Search" library="TopNav">
<kw name="Click Button" library="SeleniumLibrary">
<doc>Clicks button identified by ``locator``.</doc>
<arguments>
<arg>xpath=//*[@id="nav-search"]/form/div[2]/div/input</arg>
</arguments>
<msg timestamp="20190121 15:23:21.567" level="INFO">Clicking button 'xpath=//*[@id="nav-search"]/form/div[2]/div/input'.</msg>
<status status="PASS" starttime="20190121 15:23:21.566" endtime="20190121 15:23:24.550"></status>
</kw>
<status status="PASS" starttime="20190121 15:23:21.566" endtime="20190121 15:23:24.550"></status>
</kw>
<status status="PASS" starttime="20190121 15:23:20.400" endtime="20190121 15:23:24.551"></status>
</kw>
<kw name="Verify Search Completed" library="SearchResults">
<kw name="Wait Until Page Contains" library="SeleniumLibrary">
<doc>Waits until ``text`` appears on current page.</doc>
<arguments>
<arg>results for "The Witcher Figure"</arg>
</arguments>
<status status="PASS" starttime="20190121 15:23:24.552" endtime="20190121 15:23:24.600"></status>
</kw>
<status status="PASS" starttime="20190121 15:23:24.551" endtime="20190121 15:23:24.600"></status>
</kw>
<status status="PASS" starttime="20190121 15:23:17.811" endtime="20190121 15:23:24.600"></status>
</kw>
<kw name="Select Product from Search Results" library="AmazonApp">
<kw name="Click Product Link" library="SearchResults">
<kw name="Click Link" library="SeleniumLibrary">
<doc>Clicks a link identified by ``locator``.</doc>
<arguments>
<arg>css=#result_2 &gt; div &gt; div &gt; div &gt; div.a-fixed-left-grid-col.a-col-right &gt; div.a-row.a-spacing-small &gt; div:nth-child(1) &gt; a &gt; h2</arg>
</arguments>
<msg timestamp="20190121 15:23:24.604" level="INFO">Clicking link 'css=#result_2 &gt; div &gt; div &gt; div &gt; div.a-fixed-left-grid-col.a-col-right &gt; div.a-row.a-spacing-small &gt; div:nth-child(1) &gt; a &gt; h2'.</msg>
<kw name="Capture Page Screenshot" library="SeleniumLibrary">
<doc>Takes screenshot of the current page and embeds it into log file.</doc>
<msg timestamp="20190121 15:23:25.423" level="INFO" html="yes">&lt;/td&gt;&lt;/tr&gt;&lt;tr&gt;&lt;td colspan="3"&gt;&lt;a href="selenium-screenshot-7.png"&gt;&lt;img src="selenium-screenshot-7.png" width="800px"&gt;&lt;/a&gt;</msg>
<status status="PASS" starttime="20190121 15:23:24.624" endtime="20190121 15:23:25.423"></status>
</kw>
<msg timestamp="20190121 15:23:25.428" level="FAIL">Link with locator 'css=#result_2 &gt; div &gt; div &gt; div &gt; div.a-fixed-left-grid-col.a-col-right &gt; div.a-row.a-spacing-small &gt; div:nth-child(1) &gt; a &gt; h2' not found.</msg>
<status status="FAIL" starttime="20190121 15:23:24.604" endtime="20190121 15:23:25.428"></status>
</kw>
<status status="FAIL" starttime="20190121 15:23:24.604" endtime="20190121 15:23:25.428"></status>
</kw>
<status status="FAIL" starttime="20190121 15:23:24.603" endtime="20190121 15:23:25.428"></status>
</kw>
<kw name="End Web Test" library="Common" type="teardown">
<kw name="Close Browser" library="SeleniumLibrary">
<doc>Closes the current browser.</doc>
<status status="PASS" starttime="20190121 15:23:25.445" endtime="20190121 15:23:27.892"></status>
</kw>
<status status="PASS" starttime="20190121 15:23:25.444" endtime="20190121 15:23:27.892"></status>
</kw>
<doc>This is some basic info about the test</doc>
<tags>
<tag>Smoke</tag>
</tags>
<status status="FAIL" starttime="20190121 15:23:14.341" endtime="20190121 15:23:27.919" critical="yes">Link with locator 'css=#result_2 &gt; div &gt; div &gt; div &gt; div.a-fixed-left-grid-col.a-col-right &gt; div.a-row.a-spacing-small &gt; div:nth-child(1) &gt; a &gt; h2' not found.</status>
</test>
<kw name="Cleanup Testing Data" library="Common" type="teardown">
<kw name="Log" library="BuiltIn">
<doc>Logs the given message with the given level.</doc>
<arguments>
<arg>I am cleaning up th test data...</arg>
</arguments>
<msg timestamp="20190121 15:23:27.923" level="INFO">I am cleaning up th test data...</msg>
<status status="PASS" starttime="20190121 15:23:27.922" endtime="20190121 15:23:27.923"></status>
</kw>
<status status="PASS" starttime="20190121 15:23:27.922" endtime="20190121 15:23:27.923"></status>
</kw>
<status status="FAIL" starttime="20190121 15:23:14.118" endtime="20190121 15:23:27.923"></status>
</suite>
<statistics>
<total>
<stat pass="0" fail="1">Critical Tests</stat>
<stat pass="0" fail="1">All Tests</stat>
</total>
<tag>
<stat pass="0" fail="1">Smoke</stat>
</tag>
<suite>
<stat pass="0" fail="1" id="s1" name="Amazon">Amazon</stat>
</suite>
</statistics>
<errors>
</errors>
</robot>
